<?xml version="1.0" encoding="UTF-8"?>
<!-- Generated by org.testng.reporters.JUnitReportReporter -->
<testsuite hostname="DESKTOP-GFMQBVM" failures="0" tests="1" name="Demo.Sample.Demo" time="3.232" errors="0" timestamp="2023-11-07T23:49:14 IST" skipped="0">
  <testcase classname="Demo.Sample.Demo" name="openBrowser" time="3.232"/>
  <system-out/>
</testsuite> <!-- Demo.Sample.Demo -->
